<?xml version="1.0" encoding="UTF-8"?>
<testsuite name="ParserTest" tests="4" skipped="0" failures="0" errors="0" timestamp="2022-12-20T15:24:34" hostname="DESKTOP-53I8MRM" time="0.005">
  <properties/>
  <testcase name="returnFileReader()" classname="ParserTest" time="0.001"/>
  <testcase name="secondParamIsNotFile()" classname="ParserTest" time="0.001"/>
  <testcase name="returnConsoleReader()" classname="ParserTest" time="0.001"/>
  <testcase name="emptyStringInArgs()" classname="ParserTest" time="0.001"/>
  <system-out><![CDATA[]]></system-out>
  <system-err><![CDATA[]]></system-err>
</testsuite>
