<?xml version="1.0" encoding="UTF-8"?>
<testsuite name="ReaderTest" tests="11" skipped="0" failures="0" errors="0" timestamp="2022-12-20T15:24:34" hostname="DESKTOP-53I8MRM" time="0.023">
  <properties/>
  <testcase name="fileReaderCardsFileNotFound()" classname="ReaderTest" time="0.001"/>
  <testcase name="consoleReaderPurchaseWhereQuantityZero()" classname="ReaderTest" time="0.001"/>
  <testcase name="consoleReaderWrongData()" classname="ReaderTest" time="0.001"/>
  <testcase name="consoleReaderPurchaseWithExistingProduct()" classname="ReaderTest" time="0.001"/>
  <testcase name="consoleReaderPurchaseWhereProductIdNotFound()" classname="ReaderTest" time="0.002"/>
  <testcase name="consoleReaderPurchaseWithDiscountCard()" classname="ReaderTest" time="0.003"/>
  <testcase name="readFromFileWrongData()" classname="ReaderTest" time="0.001"/>
  <testcase name="consoleReaderWrongProduct()" classname="ReaderTest" time="0.001"/>
  <testcase name="readFromFile()" classname="ReaderTest" time="0.001"/>
  <testcase name="fileReaderProductsFileNotFound()" classname="ReaderTest" time="0.001"/>
  <testcase name="readFromFileWrongProduct()" classname="ReaderTest" time="0.001"/>
  <system-out><![CDATA[]]></system-out>
  <system-err><![CDATA[]]></system-err>
</testsuite>
