<?xml version="1.0" encoding="UTF-8"?>
<testsuite name="ServiceTest" tests="2" skipped="0" failures="0" errors="0" timestamp="2022-12-20T15:24:34" hostname="DESKTOP-53I8MRM" time="0.002">
  <properties/>
  <testcase name="samePurchaseAdded()" classname="ServiceTest" time="0.0"/>
  <testcase name="addPurchaseToCheck()" classname="ServiceTest" time="0.001"/>
  <system-out><![CDATA[]]></system-out>
  <system-err><![CDATA[]]></system-err>
</testsuite>
